2025-03-19 09:41:05,321 - INFO - ✅ Configuration loaded successfully.
2025-03-19 09:41:05,322 - INFO -  KiteConnect API initialized successfully.
2025-03-19 09:45:51,298 - INFO - ✅ Configuration loaded successfully.
2025-03-19 09:45:51,299 - INFO -  KiteConnect API initialized successfully.
2025-03-19 09:47:13,537 - INFO - ✅ Configuration loaded successfully.
2025-03-19 09:47:13,538 - INFO -  KiteConnect API initialized successfully.
2025-03-19 10:46:44,020 - INFO - ✅ Configuration loaded successfully.
2025-03-19 10:46:44,020 - INFO -  KiteConnect API initialized successfully.
2025-03-19 10:46:44,346 - INFO - 📡 Fetching historical data for NSE:NIFTY 50...
2025-03-19 10:46:44,456 - INFO - ✅ Successfully fetched 92 data points for NSE:NIFTY 50
2025-03-19 10:49:00,161 - INFO - ✅ Configuration loaded successfully.
2025-03-19 10:49:00,162 - INFO -  KiteConnect API initialized successfully.
2025-03-19 10:49:00,447 - INFO - 📡 Fetching historical data for NSE:NIFTY 50...
2025-03-19 10:49:00,538 - INFO - ✅ Successfully fetched 94 data points for NSE:NIFTY 50
2025-03-19 10:53:56,054 - INFO - ✅ Configuration loaded successfully.
2025-03-19 10:53:56,055 - INFO -  KiteConnect API initialized successfully.
2025-03-19 10:53:56,071 - INFO - 📡 Fetching historical data for NSE:NIFTY 50...
2025-03-19 10:53:56,190 - INFO - ✅ Successfully fetched 99 data points for NSE:NIFTY 50
2025-03-19 11:02:23,148 - INFO - ✅ Configuration loaded successfully.
2025-03-19 11:02:23,149 - INFO -  KiteConnect API initialized successfully.
2025-03-19 11:04:58,989 - INFO - ✅ Configuration loaded successfully.
2025-03-19 11:04:58,989 - INFO -  KiteConnect API initialized successfully.
2025-03-19 11:08:58,773 - INFO - ✅ Configuration loaded successfully.
2025-03-19 11:08:58,774 - INFO -  KiteConnect API initialized successfully.
2025-03-19 11:09:26,116 - INFO - ✅ Configuration loaded successfully.
2025-03-19 11:09:26,117 - INFO -  KiteConnect API initialized successfully.
2025-03-19 11:12:39,156 - INFO - ✅ Configuration loaded successfully.
2025-03-19 11:12:39,157 - INFO -  KiteConnect API initialized successfully.
2025-03-19 11:12:39,166 - INFO - 📡 Fetching historical data for NSE:NIFTY 50...
2025-03-19 11:12:39,275 - INFO - ✅ Successfully fetched 118 data points for NSE:NIFTY 50
2025-03-19 11:26:04,577 - INFO - ✅ Configuration loaded successfully.
2025-03-19 11:26:04,579 - INFO - ✅ KiteConnect API initialized successfully.
2025-03-19 11:26:04,584 - INFO - 📡 Fetching historical data for NSE:NIFTY 50...
2025-03-19 11:26:04,710 - INFO - ✅ Successfully fetched 132 data points for NSE:NIFTY 50
2025-03-19 11:26:04,714 - INFO - 📡 Fetching historical data for NSE:NIFTY BANK...
2025-03-19 11:26:04,770 - INFO - ✅ Successfully fetched 132 data points for NSE:NIFTY BANK
2025-03-19 11:26:04,771 - INFO - 📡 Fetching historical data for NSE:NIFTY 50...
2025-03-19 11:26:04,839 - INFO - ✅ Successfully fetched 132 data points for NSE:NIFTY 50
2025-03-19 11:26:04,841 - INFO - 📡 Fetching historical data for NSE:NIFTY 50...
2025-03-19 11:26:04,895 - INFO - ✅ Successfully fetched 132 data points for NSE:NIFTY 50
2025-03-19 11:26:04,898 - INFO - 📡 Fetching historical data for NSE:NIFTY BANK...
2025-03-19 11:26:04,986 - INFO - ✅ Successfully fetched 132 data points for NSE:NIFTY BANK
2025-03-19 11:27:23,165 - INFO - ✅ Configuration loaded successfully.
2025-03-19 11:27:23,166 - INFO - ✅ KiteConnect API initialized successfully.
2025-03-19 11:27:23,172 - INFO - 📡 Fetching historical data for NSE:NIFTY 50...
2025-03-19 11:27:23,310 - INFO - ✅ Successfully fetched 133 data points for NSE:NIFTY 50
2025-03-19 11:27:23,313 - INFO - 📡 Fetching historical data for NSE:NIFTY BANK...
2025-03-19 11:27:23,383 - INFO - ✅ Successfully fetched 133 data points for NSE:NIFTY BANK
2025-03-19 11:27:23,384 - INFO - 📡 Fetching historical data for NSE:NIFTY 50...
2025-03-19 11:27:23,448 - INFO - ✅ Successfully fetched 133 data points for NSE:NIFTY 50
2025-03-19 11:27:23,449 - INFO - 📡 Fetching historical data for NSE:NIFTY 50...
2025-03-19 11:27:23,507 - INFO - ✅ Successfully fetched 133 data points for NSE:NIFTY 50
2025-03-19 11:27:23,508 - INFO - 📡 Fetching historical data for NSE:NIFTY BANK...
2025-03-19 11:27:23,567 - INFO - ✅ Successfully fetched 133 data points for NSE:NIFTY BANK
2025-03-19 12:12:48,727 - INFO - ✅ Configuration loaded successfully.
2025-03-19 12:12:48,728 - INFO - ✅ KiteConnect API initialized successfully.
2025-03-19 12:12:48,747 - INFO - 📡 Fetching historical data for NSE:NIFTY 50...
2025-03-19 12:12:48,857 - INFO - ✅ Successfully fetched 178 data points for NSE:NIFTY 50
2025-03-19 12:12:48,860 - INFO - 📡 Fetching historical data for NSE:NIFTY BANK...
2025-03-19 12:12:48,930 - INFO - ✅ Successfully fetched 178 data points for NSE:NIFTY BANK
2025-03-19 12:12:48,930 - INFO - 📡 Fetching historical data for NSE:NIFTY 50...
2025-03-19 12:12:49,028 - INFO - ✅ Successfully fetched 178 data points for NSE:NIFTY 50
2025-03-19 12:12:49,030 - INFO - 📡 Fetching historical data for NSE:NIFTY 50...
2025-03-19 12:12:49,094 - INFO - ✅ Successfully fetched 178 data points for NSE:NIFTY 50
2025-03-19 12:12:49,096 - INFO - 📡 Fetching historical data for NSE:NIFTY BANK...
2025-03-19 12:12:49,168 - INFO - ✅ Successfully fetched 178 data points for NSE:NIFTY BANK
2025-03-19 12:16:48,641 - INFO - ✅ Configuration loaded successfully.
2025-03-19 12:16:48,642 - INFO - ✅ KiteConnect API initialized successfully.
2025-03-19 12:16:48,661 - INFO - 📡 Fetching historical data for NSE:NIFTY 50...
2025-03-19 12:16:48,786 - INFO - ✅ Successfully fetched 182 data points for NSE:NIFTY 50
2025-03-19 12:16:48,789 - INFO - 📡 Fetching historical data for NSE:NIFTY BANK...
2025-03-19 12:16:48,870 - INFO - ✅ Successfully fetched 182 data points for NSE:NIFTY BANK
2025-03-19 12:16:48,871 - INFO - 📡 Fetching historical data for NSE:NIFTY 50...
2025-03-19 12:16:48,938 - INFO - ✅ Successfully fetched 182 data points for NSE:NIFTY 50
2025-03-19 12:16:48,939 - INFO - 📡 Fetching historical data for NSE:NIFTY 50...
2025-03-19 12:16:49,006 - INFO - ✅ Successfully fetched 182 data points for NSE:NIFTY 50
2025-03-19 12:16:49,007 - INFO - 📡 Fetching historical data for NSE:NIFTY BANK...
2025-03-19 12:16:49,073 - INFO - ✅ Successfully fetched 182 data points for NSE:NIFTY BANK
2025-03-19 12:21:58,495 - INFO - ✅ Configuration loaded successfully.
2025-03-19 12:21:58,496 - INFO - ✅ KiteConnect API initialized successfully.
2025-03-19 12:21:58,512 - INFO - 📡 Fetching historical data for NSE:NIFTY 50...
2025-03-19 12:21:58,634 - INFO - ✅ Successfully fetched 187 data points for NSE:NIFTY 50
2025-03-19 12:21:58,637 - INFO - 📡 Fetching historical data for NSE:NIFTY BANK...
2025-03-19 12:21:58,721 - INFO - ✅ Successfully fetched 187 data points for NSE:NIFTY BANK
2025-03-19 12:21:58,722 - INFO - 📡 Fetching historical data for NSE:NIFTY 50...
2025-03-19 12:21:58,787 - INFO - ✅ Successfully fetched 187 data points for NSE:NIFTY 50
2025-03-19 12:21:58,788 - INFO - 📡 Fetching historical data for NSE:NIFTY 50...
2025-03-19 12:21:58,886 - INFO - ✅ Successfully fetched 187 data points for NSE:NIFTY 50
2025-03-19 12:21:58,887 - INFO - 📡 Fetching historical data for NSE:NIFTY BANK...
2025-03-19 12:21:58,950 - INFO - ✅ Successfully fetched 187 data points for NSE:NIFTY BANK
2025-03-19 12:41:28,125 - INFO - ✅ Configuration loaded successfully.
2025-03-19 12:41:28,126 - INFO - ✅ KiteConnect API initialized successfully.
2025-03-19 12:41:28,144 - INFO - 📡 Fetching historical data for NSE:NIFTY 50...
2025-03-19 12:41:28,274 - INFO - ✅ Successfully fetched 207 data points for NSE:NIFTY 50
2025-03-19 12:41:28,277 - INFO - 📡 Fetching historical data for NSE:NIFTY BANK...
2025-03-19 12:41:28,341 - INFO - ✅ Successfully fetched 207 data points for NSE:NIFTY BANK
2025-03-19 12:41:28,342 - INFO - 📡 Fetching historical data for NSE:NIFTY 50...
2025-03-19 12:41:28,407 - INFO - ✅ Successfully fetched 207 data points for NSE:NIFTY 50
2025-03-19 12:41:28,408 - INFO - 📡 Fetching historical data for NSE:NIFTY 50...
2025-03-19 12:41:28,475 - INFO - ✅ Successfully fetched 207 data points for NSE:NIFTY 50
2025-03-19 12:41:28,476 - INFO - 📡 Fetching historical data for NSE:NIFTY BANK...
2025-03-19 12:41:28,531 - INFO - ✅ Successfully fetched 207 data points for NSE:NIFTY BANK
2025-03-19 12:48:04,674 - INFO - ✅ Configuration loaded successfully.
2025-03-19 12:48:04,675 - INFO - ✅ KiteConnect API initialized successfully.
2025-03-19 12:48:04,690 - INFO - 📡 Fetching historical data for NSE:NIFTY 50...
2025-03-19 12:48:04,819 - INFO - ✅ Successfully fetched 214 data points for NSE:NIFTY 50
2025-03-19 12:48:04,822 - INFO - 📡 Fetching historical data for NSE:NIFTY BANK...
2025-03-19 12:48:04,902 - INFO - ✅ Successfully fetched 214 data points for NSE:NIFTY BANK
2025-03-19 12:48:04,903 - INFO - 📡 Fetching historical data for NSE:NIFTY 50...
2025-03-19 12:48:04,982 - INFO - ✅ Successfully fetched 214 data points for NSE:NIFTY 50
2025-03-19 12:48:04,983 - INFO - 📡 Fetching historical data for NSE:NIFTY 50...
2025-03-19 12:48:05,065 - INFO - ✅ Successfully fetched 214 data points for NSE:NIFTY 50
2025-03-19 12:48:05,066 - INFO - 📡 Fetching historical data for NSE:NIFTY BANK...
2025-03-19 12:48:05,143 - INFO - ✅ Successfully fetched 214 data points for NSE:NIFTY BANK
2025-03-19 14:19:59,515 - INFO - ✅ Configuration loaded successfully.
2025-03-19 14:19:59,516 - INFO - ✅ KiteConnect API initialized successfully.
2025-03-19 14:19:59,532 - INFO - 📡 Fetching historical data for NSE:NIFTY 50...
2025-03-19 14:19:59,657 - INFO - ✅ Successfully fetched 305 data points for NSE:NIFTY 50
2025-03-19 14:19:59,660 - INFO - 📡 Fetching historical data for NSE:NIFTY BANK...
2025-03-19 14:19:59,749 - INFO - ✅ Successfully fetched 305 data points for NSE:NIFTY BANK
2025-03-19 14:19:59,750 - INFO - 📡 Fetching historical data for NSE:NIFTY 50...
2025-03-19 14:19:59,826 - INFO - ✅ Successfully fetched 305 data points for NSE:NIFTY 50
2025-03-19 14:19:59,827 - INFO - 📡 Fetching historical data for NSE:NIFTY 50...
2025-03-19 14:19:59,904 - INFO - ✅ Successfully fetched 305 data points for NSE:NIFTY 50
2025-03-19 14:19:59,905 - INFO - 📡 Fetching historical data for NSE:NIFTY BANK...
2025-03-19 14:20:00,011 - INFO - ✅ Successfully fetched 305 data points for NSE:NIFTY BANK
2025-03-19 15:00:31,799 - INFO - ✅ Configuration loaded successfully.
2025-03-19 15:00:31,800 - INFO - ✅ KiteConnect API initialized successfully.
2025-03-19 15:00:31,841 - INFO - 📡 Fetching historical data for NSE:NIFTY 50...
2025-03-19 15:00:32,023 - INFO - ✅ Successfully fetched 346 data points for NSE:NIFTY 50
2025-03-19 15:00:32,034 - INFO - 📡 Fetching historical data for NSE:NIFTY BANK...
2025-03-19 15:00:32,111 - INFO - ✅ Successfully fetched 346 data points for NSE:NIFTY BANK
2025-03-19 15:00:32,112 - INFO - 📡 Fetching historical data for NSE:NIFTY 50...
2025-03-19 15:00:32,188 - INFO - ✅ Successfully fetched 346 data points for NSE:NIFTY 50
2025-03-19 15:00:32,190 - INFO - 📡 Fetching historical data for NSE:NIFTY 50...
2025-03-19 15:00:32,263 - INFO - ✅ Successfully fetched 346 data points for NSE:NIFTY 50
2025-03-19 15:00:32,265 - INFO - 📡 Fetching historical data for NSE:NIFTY BANK...
2025-03-19 15:00:32,333 - INFO - ✅ Successfully fetched 346 data points for NSE:NIFTY BANK
2025-03-19 15:04:11,790 - INFO - ✅ Configuration loaded successfully.
2025-03-19 15:04:11,791 - INFO - ✅ KiteConnect API initialized successfully.
2025-03-19 15:04:11,805 - INFO - 📡 Fetching historical data for NSE:NIFTY 50...
2025-03-19 15:04:11,900 - INFO - ✅ Successfully fetched 350 data points for NSE:NIFTY 50
2025-03-19 15:04:11,903 - INFO - 📡 Fetching historical data for NSE:NIFTY BANK...
2025-03-19 15:04:12,019 - INFO - ✅ Successfully fetched 350 data points for NSE:NIFTY BANK
2025-03-19 15:04:12,019 - INFO - 📡 Fetching historical data for NSE:NIFTY 50...
2025-03-19 15:04:12,124 - INFO - ✅ Successfully fetched 350 data points for NSE:NIFTY 50
2025-03-19 15:04:12,125 - INFO - 📡 Fetching historical data for NSE:NIFTY 50...
2025-03-19 15:04:12,235 - INFO - ✅ Successfully fetched 350 data points for NSE:NIFTY 50
2025-03-19 15:04:12,237 - INFO - 📡 Fetching historical data for NSE:NIFTY BANK...
2025-03-19 15:04:12,316 - INFO - ✅ Successfully fetched 350 data points for NSE:NIFTY BANK
2025-03-19 17:30:57,921 - INFO - ✅ Configuration loaded successfully.
2025-03-19 17:30:57,922 - INFO - ✅ KiteConnect API initialized successfully.
2025-03-19 17:32:26,754 - INFO - ✅ Configuration loaded successfully.
2025-03-19 17:32:26,755 - INFO - ✅ KiteConnect API initialized successfully.
2025-03-19 17:33:16,419 - INFO - ✅ Configuration loaded successfully.
2025-03-19 17:33:16,420 - INFO - ✅ KiteConnect API initialized successfully.
2025-03-19 17:33:16,441 - INFO - 📡 Fetching historical data for NSE:NIFTY 50...
2025-03-19 17:33:16,604 - INFO - ✅ Successfully fetched 360 data points for NSE:NIFTY 50
2025-03-19 17:33:16,607 - INFO - 📡 Fetching historical data for NSE:NIFTY BANK...
2025-03-19 17:33:16,690 - INFO - ✅ Successfully fetched 360 data points for NSE:NIFTY BANK
2025-03-19 17:33:16,691 - INFO - 📡 Fetching historical data for NSE:NIFTY 50...
2025-03-19 17:33:16,767 - INFO - ✅ Successfully fetched 360 data points for NSE:NIFTY 50
2025-03-19 17:33:16,769 - INFO - 📡 Fetching historical data for NSE:NIFTY 50...
2025-03-19 17:33:16,848 - INFO - ✅ Successfully fetched 360 data points for NSE:NIFTY 50
2025-03-19 17:33:16,850 - INFO - 📡 Fetching historical data for NSE:NIFTY BANK...
2025-03-19 17:33:16,918 - INFO - ✅ Successfully fetched 360 data points for NSE:NIFTY BANK
2025-03-19 17:40:00,147 - INFO - ✅ Configuration loaded successfully.
2025-03-19 17:40:00,148 - INFO - ✅ KiteConnect API initialized successfully.
2025-03-19 17:44:52,354 - INFO - ✅ Configuration loaded successfully.
2025-03-19 17:44:52,355 - INFO - ✅ KiteConnect API initialized successfully.
2025-03-19 17:44:52,371 - INFO - 📡 Fetching historical data for NSE:NIFTY 50...
2025-03-19 17:44:52,506 - INFO - ✅ Successfully fetched 360 data points for NSE:NIFTY 50
2025-03-19 17:44:52,509 - INFO - 📡 Fetching historical data for NSE:NIFTY BANK...
2025-03-19 17:44:52,576 - INFO - ✅ Successfully fetched 360 data points for NSE:NIFTY BANK
2025-03-19 17:44:52,578 - INFO - 📡 Fetching historical data for NSE:NIFTY 50...
2025-03-19 17:44:52,655 - INFO - ✅ Successfully fetched 360 data points for NSE:NIFTY 50
2025-03-19 17:44:52,656 - INFO - 📡 Fetching historical data for NSE:NIFTY 50...
2025-03-19 17:44:52,747 - INFO - ✅ Successfully fetched 360 data points for NSE:NIFTY 50
2025-03-19 17:44:52,748 - INFO - 📡 Fetching historical data for NSE:NIFTY BANK...
2025-03-19 17:44:52,822 - INFO - ✅ Successfully fetched 360 data points for NSE:NIFTY BANK
